manifest-merger-debug-report.txt
-- Merging decision tree log ---
manifest
ADDED from src\main\AndroidManifest.xml:2:1-30:12
INJECTED from src\main\AndroidManifest.xml:2:1-30:12
INJECTED from src\main\AndroidManifest.xml:2:1-30:12
INJECTED from src\main\AndroidManifest.xml:2:1-30:12
MERGED from [com.google.ai.client.generativeai:generativeai:0.9.0] AndroidManifest.xml:17:1-24:12
MERGED from [androidx.compose.material3:material3-android:1.2.1] AndroidManifest.xml:17:1-22:12
MERGED from [androidx.compose.material:material-android:1.6.6] AndroidManifest.xml:2:1-7:12
MERGED from [androidx.compose.material:material-icons-core-android:1.6.6] AndroidManifest.xml:2:1-7:12
MERGED from [androidx.compose.material:material-ripple-android:1.6.6] AndroidManifest.xml:2:1-7:12
MERGED from [androidx.compose.foundation:foundation-android:1.6.6] AndroidManifest.xml:2:1-7:12
MERGED from [androidx.compose.animation:animation-android:1.6.6] AndroidManifest.xml:2:1-7:12
MERGED from [androidx.compose.foundation:foundation-layout-android:1.6.6] AndroidManifest.xml:2:1-7:12
MERGED from [androidx.compose.animation:animation-core-android:1.6.6] AndroidManifest.xml:2:1-7:12
MERGED from [androidx.compose.ui:ui-tooling-data-android:1.6.6] AndroidManifest.xml:2:1-7:12
MERGED from [androidx.compose.ui:ui-unit-android:1.6.6] AndroidManifest.xml:2:1-7:12
MERGED from [androidx.compose.ui:ui-geometry-android:1.6.6] AndroidManifest.xml:2:1-7:12
MERGED from [androidx.compose.ui:ui-util-android:1.6.6] AndroidManifest.xml:2:1-7:12
MERGED from [androidx.compose.ui:ui-text-android:1.6.6] AndroidManifest.xml:2:1-7:12
MERGED from [androidx.compose.ui:ui-tooling-preview-android:1.6.6] AndroidManifest.xml:17:1-22:12
MERGED from [androidx.compose.ui:ui-graphics-android:1.6.6] AndroidManifest.xml:2:1-7:12
MERGED from [androidx.compose.ui:ui-android:1.6.6] AndroidManifest.xml:2:1-7:12
MERGED from [androidx.compose.ui:ui-test-manifest:1.6.6] AndroidManifest.xml:17:1-28:12
MERGED from [androidx.compose.ui:ui-tooling-android:1.6.6] AndroidManifest.xml:17:1-28:12
MERGED from [androidx.activity:activity-compose:1.9.2] AndroidManifest.xml:2:1-7:12
MERGED from [androidx.activity:activity-ktx:1.9.2] AndroidManifest.xml:2:1-7:12
MERGED from [com.android.billingclient:billing-ktx:7.0.0] AndroidManifest.xml:2:1-11:12
MERGED from [com.android.billingclient:billing:7.0.0] AndroidManifest.xml:2:1-35:12
MERGED from [com.google.android.gms:play-services-location:19.0.0] AndroidManifest.xml:2:1-9:12
MERGED from [com.google.android.gms:play-services-base:18.3.0] AndroidManifest.xml:16:1-24:12
MERGED from [com.google.android.gms:play-services-tasks:18.1.0] AndroidManifest.xml:2:1-6:12
MERGED from [com.google.android.gms:play-services-places-placereport:17.0.0] AndroidManifest.xml:17:1-24:12
MERGED from [com.google.android.gms:play-services-basement:18.3.0] AndroidManifest.xml:16:1-26:12
MERGED from [androidx.fragment:fragment:1.1.0] AndroidManifest.xml:17:1-24:12
MERGED from [androidx.activity:activity:1.9.2] AndroidManifest.xml:17:1-22:12
MERGED from [androidx.autofill:autofill:1.0.0] AndroidManifest.xml:17:1-24:12
MERGED from [androidx.viewpager:viewpager:1.0.0] AndroidManifest.xml:17:1-22:12
MERGED from [androidx.loader:loader:1.0.0] AndroidManifest.xml:17:1-22:12
MERGED from [androidx.emoji2:emoji2:1.3.0] AndroidManifest.xml:17:1-35:12
MERGED from [androidx.customview:customview:1.0.0] AndroidManifest.xml:17:1-22:12
MERGED from [androidx.core:core:1.13.1] AndroidManifest.xml:17:1-30:12
MERGED from [com.google.ai.client.generativeai:common:0.8.0] AndroidManifest.xml:17:1-24:12
MERGED from [androidx.savedstate:savedstate-ktx:1.2.1] AndroidManifest.xml:17:1-22:12
MERGED from [androidx.savedstate:savedstate:1.2.1] AndroidManifest.xml:17:1-22:12
MERGED from [androidx.lifecycle:lifecycle-livedata-core-ktx:2.8.6] AndroidManifest.xml:2:1-7:12
MERGED from [androidx.lifecycle:lifecycle-process:2.8.6] AndroidManifest.xml:17:1-35:12
MERGED from [androidx.lifecycle:lifecycle-livedata:2.8.6] AndroidManifest.xml:17:1-22:12
MERGED from [androidx.lifecycle:lifecycle-livedata-core:2.8.6] AndroidManifest.xml:17:1-22:12
MERGED from [androidx.lifecycle:lifecycle-viewmodel:2.8.6] AndroidManifest.xml:2:1-5:12
MERGED from [androidx.lifecycle:lifecycle-viewmodel-android:2.8.6] AndroidManifest.xml:17:1-22:12
MERGED from [androidx.lifecycle:lifecycle-runtime-android:2.8.6] AndroidManifest.xml:17:1-22:12
MERGED from [androidx.lifecycle:lifecycle-viewmodel-ktx:2.8.6] AndroidManifest.xml:2:1-7:12
MERGED from [androidx.lifecycle:lifecycle-runtime-ktx-android:2.8.6] AndroidManifest.xml:2:1-7:12
MERGED from [androidx.lifecycle:lifecycle-viewmodel-savedstate:2.8.6] AndroidManifest.xml:17:1-22:12
MERGED from [androidx.customview:customview-poolingcontainer:1.0.0] AndroidManifest.xml:17:1-23:12
MERGED from [androidx.core:core-ktx:1.13.1] AndroidManifest.xml:2:1-7:12
MERGED from [androidx.profileinstaller:profileinstaller:1.3.1] AndroidManifest.xml:17:1-55:12
MERGED from [androidx.datastore:datastore-core-android:1.1.1] AndroidManifest.xml:2:1-7:12
MERGED from [androidx.datastore:datastore-android:1.1.1] AndroidManifest.xml:17:1-22:12
MERGED from [androidx.datastore:datastore-preferences-android:1.1.1] AndroidManifest.xml:17:1-22:12
MERGED from [androidx.annotation:annotation-experimental:1.4.0] AndroidManifest.xml:2:1-7:12
MERGED from [androidx.compose.runtime:runtime-saveable-android:1.6.6] AndroidManifest.xml:2:1-7:12
MERGED from [androidx.compose.runtime:runtime-android:1.6.6] AndroidManifest.xml:2:1-7:12
MERGED from [androidx.interpolator:interpolator:1.0.0] AndroidManifest.xml:17:1-22:12
MERGED from [androidx.versionedparcelable:versionedparcelable:1.1.1] AndroidManifest.xml:17:1-27:12
MERGED from [com.google.android.datatransport:transport-backend-cct:3.1.8] AndroidManifest.xml:15:1-37:12
MERGED from [com.google.android.datatransport:transport-runtime:3.1.8] AndroidManifest.xml:15:1-41:12
MERGED from [com.google.android.datatransport:transport-api:3.0.0] AndroidManifest.xml:15:1-22:12
MERGED from [androidx.startup:startup-runtime:1.1.1] AndroidManifest.xml:17:1-33:12
MERGED from [androidx.tracing:tracing:1.0.0] AndroidManifest.xml:17:1-24:12
MERGED from [com.google.firebase:firebase-encoders-json:18.0.0] AndroidManifest.xml:15:1-23:12
MERGED from [androidx.arch.core:core-runtime:2.2.0] AndroidManifest.xml:17:1-22:12
	package
		INJECTED from src\main\AndroidManifest.xml
	android:versionName
		INJECTED from src\main\AndroidManifest.xml
	xmlns:tools
		ADDED from src\main\AndroidManifest.xml:3:5-51
	android:versionCode
		INJECTED from src\main\AndroidManifest.xml
	xmlns:android
		ADDED from src\main\AndroidManifest.xml:2:11-69
uses-permission#com.android.vending.BILLING
ADDED from src\main\AndroidManifest.xml:5:5-67
MERGED from [com.android.billingclient:billing-ktx:7.0.0] AndroidManifest.xml:9:5-67
MERGED from [com.android.billingclient:billing-ktx:7.0.0] AndroidManifest.xml:9:5-67
MERGED from [com.android.billingclient:billing:7.0.0] AndroidManifest.xml:10:5-67
MERGED from [com.android.billingclient:billing:7.0.0] AndroidManifest.xml:10:5-67
	android:name
		ADDED from src\main\AndroidManifest.xml:5:22-64
uses-permission#android.permission.INTERNET
ADDED from src\main\AndroidManifest.xml:6:5-67
MERGED from [com.google.ai.client.generativeai:generativeai:0.9.0] AndroidManifest.xml:22:5-67
MERGED from [com.google.ai.client.generativeai:generativeai:0.9.0] AndroidManifest.xml:22:5-67
MERGED from [com.google.ai.client.generativeai:common:0.8.0] AndroidManifest.xml:22:5-67
MERGED from [com.google.ai.client.generativeai:common:0.8.0] AndroidManifest.xml:22:5-67
MERGED from [com.google.android.datatransport:transport-backend-cct:3.1.8] AndroidManifest.xml:25:5-67
MERGED from [com.google.android.datatransport:transport-backend-cct:3.1.8] AndroidManifest.xml:25:5-67
	android:name
		ADDED from src\main\AndroidManifest.xml:6:22-64
application
ADDED from src\main\AndroidManifest.xml:8:5-28:19
INJECTED from src\main\AndroidManifest.xml:8:5-28:19
MERGED from [androidx.compose.ui:ui-test-manifest:1.6.6] AndroidManifest.xml:22:5-26:19
MERGED from [androidx.compose.ui:ui-test-manifest:1.6.6] AndroidManifest.xml:22:5-26:19
MERGED from [androidx.compose.ui:ui-tooling-android:1.6.6] AndroidManifest.xml:22:5-26:19
MERGED from [androidx.compose.ui:ui-tooling-android:1.6.6] AndroidManifest.xml:22:5-26:19
MERGED from [com.android.billingclient:billing:7.0.0] AndroidManifest.xml:18:5-33:19
MERGED from [com.android.billingclient:billing:7.0.0] AndroidManifest.xml:18:5-33:19
MERGED from [com.google.android.gms:play-services-location:19.0.0] AndroidManifest.xml:7:5-20
MERGED from [com.google.android.gms:play-services-location:19.0.0] AndroidManifest.xml:7:5-20
MERGED from [com.google.android.gms:play-services-base:18.3.0] AndroidManifest.xml:19:5-23:19
MERGED from [com.google.android.gms:play-services-base:18.3.0] AndroidManifest.xml:19:5-23:19
MERGED from [com.google.android.gms:play-services-tasks:18.1.0] AndroidManifest.xml:5:5-20
MERGED from [com.google.android.gms:play-services-tasks:18.1.0] AndroidManifest.xml:5:5-20
MERGED from [com.google.android.gms:play-services-places-placereport:17.0.0] AndroidManifest.xml:22:5-20
MERGED from [com.google.android.gms:play-services-places-placereport:17.0.0] AndroidManifest.xml:22:5-20
MERGED from [com.google.android.gms:play-services-basement:18.3.0] AndroidManifest.xml:20:5-24:19
MERGED from [com.google.android.gms:play-services-basement:18.3.0] AndroidManifest.xml:20:5-24:19
MERGED from [androidx.emoji2:emoji2:1.3.0] AndroidManifest.xml:23:5-33:19
MERGED from [androidx.emoji2:emoji2:1.3.0] AndroidManifest.xml:23:5-33:19
MERGED from [androidx.core:core:1.13.1] AndroidManifest.xml:28:5-89
MERGED from [androidx.core:core:1.13.1] AndroidManifest.xml:28:5-89
MERGED from [androidx.lifecycle:lifecycle-process:2.8.6] AndroidManifest.xml:23:5-33:19
MERGED from [androidx.lifecycle:lifecycle-process:2.8.6] AndroidManifest.xml:23:5-33:19
MERGED from [androidx.profileinstaller:profileinstaller:1.3.1] AndroidManifest.xml:23:5-53:19
MERGED from [androidx.profileinstaller:profileinstaller:1.3.1] AndroidManifest.xml:23:5-53:19
MERGED from [androidx.versionedparcelable:versionedparcelable:1.1.1] AndroidManifest.xml:24:5-25:19
MERGED from [androidx.versionedparcelable:versionedparcelable:1.1.1] AndroidManifest.xml:24:5-25:19
MERGED from [com.google.android.datatransport:transport-backend-cct:3.1.8] AndroidManifest.xml:27:5-35:19
MERGED from [com.google.android.datatransport:transport-backend-cct:3.1.8] AndroidManifest.xml:27:5-35:19
MERGED from [com.google.android.datatransport:transport-runtime:3.1.8] AndroidManifest.xml:25:5-39:19
MERGED from [com.google.android.datatransport:transport-runtime:3.1.8] AndroidManifest.xml:25:5-39:19
MERGED from [androidx.startup:startup-runtime:1.1.1] AndroidManifest.xml:25:5-31:19
MERGED from [androidx.startup:startup-runtime:1.1.1] AndroidManifest.xml:25:5-31:19
	android:extractNativeLibs
		INJECTED from src\main\AndroidManifest.xml
	android:appComponentFactory
		ADDED from [androidx.core:core:1.13.1] AndroidManifest.xml:28:18-86
	android:supportsRtl
		ADDED from src\main\AndroidManifest.xml:15:9-35
	android:label
		ADDED from src\main\AndroidManifest.xml:13:9-41
	android:fullBackupContent
		ADDED from src\main\AndroidManifest.xml:11:9-54
	android:roundIcon
		ADDED from src\main\AndroidManifest.xml:14:9-54
	android:icon
		ADDED from src\main\AndroidManifest.xml:12:9-43
	android:allowBackup
		ADDED from src\main\AndroidManifest.xml:9:9-35
	android:theme
		ADDED from src\main\AndroidManifest.xml:16:9-57
	android:dataExtractionRules
		ADDED from src\main\AndroidManifest.xml:10:9-65
activity#com.example.airesumegeneratorpb.MainActivity
ADDED from src\main\AndroidManifest.xml:17:9-27:20
	android:label
		ADDED from src\main\AndroidManifest.xml:20:13-45
	android:exported
		ADDED from src\main\AndroidManifest.xml:19:13-36
	android:theme
		ADDED from src\main\AndroidManifest.xml:21:13-61
	android:name
		ADDED from src\main\AndroidManifest.xml:18:13-41
intent-filter#action:name:android.intent.action.MAIN+category:name:android.intent.category.LAUNCHER
ADDED from src\main\AndroidManifest.xml:22:13-26:29
action#android.intent.action.MAIN
ADDED from src\main\AndroidManifest.xml:23:17-69
	android:name
		ADDED from src\main\AndroidManifest.xml:23:25-66
category#android.intent.category.LAUNCHER
ADDED from src\main\AndroidManifest.xml:25:17-77
	android:name
		ADDED from src\main\AndroidManifest.xml:25:27-74
uses-sdk
INJECTED from src\main\AndroidManifest.xml reason: use-sdk injection requested
INJECTED from src\main\AndroidManifest.xml
INJECTED from src\main\AndroidManifest.xml
MERGED from [com.google.ai.client.generativeai:generativeai:0.9.0] AndroidManifest.xml:20:5-44
MERGED from [com.google.ai.client.generativeai:generativeai:0.9.0] AndroidManifest.xml:20:5-44
MERGED from [androidx.compose.material3:material3-android:1.2.1] AndroidManifest.xml:20:5-44
MERGED from [androidx.compose.material3:material3-android:1.2.1] AndroidManifest.xml:20:5-44
MERGED from [androidx.compose.material:material-android:1.6.6] AndroidManifest.xml:5:5-44
MERGED from [androidx.compose.material:material-android:1.6.6] AndroidManifest.xml:5:5-44
MERGED from [androidx.compose.material:material-icons-core-android:1.6.6] AndroidManifest.xml:5:5-44
MERGED from [androidx.compose.material:material-icons-core-android:1.6.6] AndroidManifest.xml:5:5-44
MERGED from [androidx.compose.material:material-ripple-android:1.6.6] AndroidManifest.xml:5:5-44
MERGED from [androidx.compose.material:material-ripple-android:1.6.6] AndroidManifest.xml:5:5-44
MERGED from [androidx.compose.foundation:foundation-android:1.6.6] AndroidManifest.xml:5:5-44
MERGED from [androidx.compose.foundation:foundation-android:1.6.6] AndroidManifest.xml:5:5-44
MERGED from [androidx.compose.animation:animation-android:1.6.6] AndroidManifest.xml:5:5-44
MERGED from [androidx.compose.animation:animation-android:1.6.6] AndroidManifest.xml:5:5-44
MERGED from [androidx.compose.foundation:foundation-layout-android:1.6.6] AndroidManifest.xml:5:5-44
MERGED from [androidx.compose.foundation:foundation-layout-android:1.6.6] AndroidManifest.xml:5:5-44
MERGED from [androidx.compose.animation:animation-core-android:1.6.6] AndroidManifest.xml:5:5-44
MERGED from [androidx.compose.animation:animation-core-android:1.6.6] AndroidManifest.xml:5:5-44
MERGED from [androidx.compose.ui:ui-tooling-data-android:1.6.6] AndroidManifest.xml:5:5-44
MERGED from [androidx.compose.ui:ui-tooling-data-android:1.6.6] AndroidManifest.xml:5:5-44
MERGED from [androidx.compose.ui:ui-unit-android:1.6.6] AndroidManifest.xml:5:5-44
MERGED from [androidx.compose.ui:ui-unit-android:1.6.6] AndroidManifest.xml:5:5-44
MERGED from [androidx.compose.ui:ui-geometry-android:1.6.6] AndroidManifest.xml:5:5-44
MERGED from [androidx.compose.ui:ui-geometry-android:1.6.6] AndroidManifest.xml:5:5-44
MERGED from [androidx.compose.ui:ui-util-android:1.6.6] AndroidManifest.xml:5:5-44
MERGED from [androidx.compose.ui:ui-util-android:1.6.6] AndroidManifest.xml:5:5-44
MERGED from [androidx.compose.ui:ui-text-android:1.6.6] AndroidManifest.xml:5:5-44
MERGED from [androidx.compose.ui:ui-text-android:1.6.6] AndroidManifest.xml:5:5-44
MERGED from [androidx.compose.ui:ui-tooling-preview-android:1.6.6] AndroidManifest.xml:20:5-44
MERGED from [androidx.compose.ui:ui-tooling-preview-android:1.6.6] AndroidManifest.xml:20:5-44
MERGED from [androidx.compose.ui:ui-graphics-android:1.6.6] AndroidManifest.xml:5:5-44
MERGED from [androidx.compose.ui:ui-graphics-android:1.6.6] AndroidManifest.xml:5:5-44
MERGED from [androidx.compose.ui:ui-android:1.6.6] AndroidManifest.xml:5:5-44
MERGED from [androidx.compose.ui:ui-android:1.6.6] AndroidManifest.xml:5:5-44
MERGED from [androidx.compose.ui:ui-test-manifest:1.6.6] AndroidManifest.xml:20:5-44
MERGED from [androidx.compose.ui:ui-test-manifest:1.6.6] AndroidManifest.xml:20:5-44
MERGED from [androidx.compose.ui:ui-tooling-android:1.6.6] AndroidManifest.xml:20:5-44
MERGED from [androidx.compose.ui:ui-tooling-android:1.6.6] AndroidManifest.xml:20:5-44
MERGED from [androidx.activity:activity-compose:1.9.2] AndroidManifest.xml:5:5-44
MERGED from [androidx.activity:activity-compose:1.9.2] AndroidManifest.xml:5:5-44
MERGED from [androidx.activity:activity-ktx:1.9.2] AndroidManifest.xml:5:5-44
MERGED from [androidx.activity:activity-ktx:1.9.2] AndroidManifest.xml:5:5-44
MERGED from [com.android.billingclient:billing-ktx:7.0.0] AndroidManifest.xml:5:5-7:41
MERGED from [com.android.billingclient:billing-ktx:7.0.0] AndroidManifest.xml:5:5-7:41
MERGED from [com.android.billingclient:billing:7.0.0] AndroidManifest.xml:6:5-8:41
MERGED from [com.android.billingclient:billing:7.0.0] AndroidManifest.xml:6:5-8:41
MERGED from [com.google.android.gms:play-services-location:19.0.0] AndroidManifest.xml:5:5-44
MERGED from [com.google.android.gms:play-services-location:19.0.0] AndroidManifest.xml:5:5-44
MERGED from [com.google.android.gms:play-services-base:18.3.0] AndroidManifest.xml:18:5-43
MERGED from [com.google.android.gms:play-services-base:18.3.0] AndroidManifest.xml:18:5-43
MERGED from [com.google.android.gms:play-services-tasks:18.1.0] AndroidManifest.xml:4:5-43
MERGED from [com.google.android.gms:play-services-tasks:18.1.0] AndroidManifest.xml:4:5-43
MERGED from [com.google.android.gms:play-services-places-placereport:17.0.0] AndroidManifest.xml:20:5-44
MERGED from [com.google.android.gms:play-services-places-placereport:17.0.0] AndroidManifest.xml:20:5-44
MERGED from [com.google.android.gms:play-services-basement:18.3.0] AndroidManifest.xml:18:5-43
MERGED from [com.google.android.gms:play-services-basement:18.3.0] AndroidManifest.xml:18:5-43
MERGED from [androidx.fragment:fragment:1.1.0] AndroidManifest.xml:20:5-22:41
MERGED from [androidx.fragment:fragment:1.1.0] AndroidManifest.xml:20:5-22:41
MERGED from [androidx.activity:activity:1.9.2] AndroidManifest.xml:20:5-44
MERGED from [androidx.activity:activity:1.9.2] AndroidManifest.xml:20:5-44
MERGED from [androidx.autofill:autofill:1.0.0] AndroidManifest.xml:20:5-22:41
MERGED from [androidx.autofill:autofill:1.0.0] AndroidManifest.xml:20:5-22:41
MERGED from [androidx.viewpager:viewpager:1.0.0] AndroidManifest.xml:20:5-44
MERGED from [androidx.viewpager:viewpager:1.0.0] AndroidManifest.xml:20:5-44
MERGED from [androidx.loader:loader:1.0.0] AndroidManifest.xml:20:5-44
MERGED from [androidx.loader:loader:1.0.0] AndroidManifest.xml:20:5-44
MERGED from [androidx.emoji2:emoji2:1.3.0] AndroidManifest.xml:21:5-44
MERGED from [androidx.emoji2:emoji2:1.3.0] AndroidManifest.xml:21:5-44
MERGED from [androidx.customview:customview:1.0.0] AndroidManifest.xml:20:5-44
MERGED from [androidx.customview:customview:1.0.0] AndroidManifest.xml:20:5-44
MERGED from [androidx.core:core:1.13.1] AndroidManifest.xml:20:5-44
MERGED from [androidx.core:core:1.13.1] AndroidManifest.xml:20:5-44
MERGED from [com.google.ai.client.generativeai:common:0.8.0] AndroidManifest.xml:20:5-44
MERGED from [com.google.ai.client.generativeai:common:0.8.0] AndroidManifest.xml:20:5-44
MERGED from [androidx.savedstate:savedstate-ktx:1.2.1] AndroidManifest.xml:20:5-44
MERGED from [androidx.savedstate:savedstate-ktx:1.2.1] AndroidManifest.xml:20:5-44
MERGED from [androidx.savedstate:savedstate:1.2.1] AndroidManifest.xml:20:5-44
MERGED from [androidx.savedstate:savedstate:1.2.1] AndroidManifest.xml:20:5-44
MERGED from [androidx.lifecycle:lifecycle-livedata-core-ktx:2.8.6] AndroidManifest.xml:5:5-44
MERGED from [androidx.lifecycle:lifecycle-livedata-core-ktx:2.8.6] AndroidManifest.xml:5:5-44
MERGED from [androidx.lifecycle:lifecycle-process:2.8.6] AndroidManifest.xml:21:5-44
MERGED from [androidx.lifecycle:lifecycle-process:2.8.6] AndroidManifest.xml:21:5-44
MERGED from [androidx.lifecycle:lifecycle-livedata:2.8.6] AndroidManifest.xml:20:5-44
MERGED from [androidx.lifecycle:lifecycle-livedata:2.8.6] AndroidManifest.xml:20:5-44
MERGED from [androidx.lifecycle:lifecycle-livedata-core:2.8.6] AndroidManifest.xml:20:5-44
MERGED from [androidx.lifecycle:lifecycle-livedata-core:2.8.6] AndroidManifest.xml:20:5-44
MERGED from [androidx.lifecycle:lifecycle-viewmodel:2.8.6] AndroidManifest.xml:4:5-43
MERGED from [androidx.lifecycle:lifecycle-viewmodel:2.8.6] AndroidManifest.xml:4:5-43
MERGED from [androidx.lifecycle:lifecycle-viewmodel-android:2.8.6] AndroidManifest.xml:20:5-44
MERGED from [androidx.lifecycle:lifecycle-viewmodel-android:2.8.6] AndroidManifest.xml:20:5-44
MERGED from [androidx.lifecycle:lifecycle-runtime-android:2.8.6] AndroidManifest.xml:20:5-44
MERGED from [androidx.lifecycle:lifecycle-runtime-android:2.8.6] AndroidManifest.xml:20:5-44
MERGED from [androidx.lifecycle:lifecycle-viewmodel-ktx:2.8.6] AndroidManifest.xml:5:5-44
MERGED from [androidx.lifecycle:lifecycle-viewmodel-ktx:2.8.6] AndroidManifest.xml:5:5-44
MERGED from [androidx.lifecycle:lifecycle-runtime-ktx-android:2.8.6] AndroidManifest.xml:5:5-44
MERGED from [androidx.lifecycle:lifecycle-runtime-ktx-android:2.8.6] AndroidManifest.xml:5:5-44
MERGED from [androidx.lifecycle:lifecycle-viewmodel-savedstate:2.8.6] AndroidManifest.xml:20:5-44
MERGED from [androidx.lifecycle:lifecycle-viewmodel-savedstate:2.8.6] AndroidManifest.xml:20:5-44
MERGED from [androidx.customview:customview-poolingcontainer:1.0.0] AndroidManifest.xml:20:5-21:38
MERGED from [androidx.customview:customview-poolingcontainer:1.0.0] AndroidManifest.xml:20:5-21:38
MERGED from [androidx.core:core-ktx:1.13.1] AndroidManifest.xml:5:5-44
MERGED from [androidx.core:core-ktx:1.13.1] AndroidManifest.xml:5:5-44
MERGED from [androidx.profileinstaller:profileinstaller:1.3.1] AndroidManifest.xml:21:5-44
MERGED from [androidx.profileinstaller:profileinstaller:1.3.1] AndroidManifest.xml:21:5-44
MERGED from [androidx.datastore:datastore-core-android:1.1.1] AndroidManifest.xml:5:5-44
MERGED from [androidx.datastore:datastore-core-android:1.1.1] AndroidManifest.xml:5:5-44
MERGED from [androidx.datastore:datastore-android:1.1.1] AndroidManifest.xml:20:5-44
MERGED from [androidx.datastore:datastore-android:1.1.1] AndroidManifest.xml:20:5-44
MERGED from [androidx.datastore:datastore-preferences-android:1.1.1] AndroidManifest.xml:20:5-44
MERGED from [androidx.datastore:datastore-preferences-android:1.1.1] AndroidManifest.xml:20:5-44
MERGED from [androidx.annotation:annotation-experimental:1.4.0] AndroidManifest.xml:5:5-44
MERGED from [androidx.annotation:annotation-experimental:1.4.0] AndroidManifest.xml:5:5-44
MERGED from [androidx.compose.runtime:runtime-saveable-android:1.6.6] AndroidManifest.xml:5:5-44
MERGED from [androidx.compose.runtime:runtime-saveable-android:1.6.6] AndroidManifest.xml:5:5-44
MERGED from [androidx.compose.runtime:runtime-android:1.6.6] AndroidManifest.xml:5:5-44
MERGED from [androidx.compose.runtime:runtime-android:1.6.6] AndroidManifest.xml:5:5-44
MERGED from [androidx.interpolator:interpolator:1.0.0] AndroidManifest.xml:20:5-44
MERGED from [androidx.interpolator:interpolator:1.0.0] AndroidManifest.xml:20:5-44
MERGED from [androidx.versionedparcelable:versionedparcelable:1.1.1] AndroidManifest.xml:20:5-22:41
MERGED from [androidx.versionedparcelable:versionedparcelable:1.1.1] AndroidManifest.xml:20:5-22:41
MERGED from [com.google.android.datatransport:transport-backend-cct:3.1.8] AndroidManifest.xml:18:5-20:41
MERGED from [com.google.android.datatransport:transport-backend-cct:3.1.8] AndroidManifest.xml:18:5-20:41
MERGED from [com.google.android.datatransport:transport-runtime:3.1.8] AndroidManifest.xml:18:5-20:41
MERGED from [com.google.android.datatransport:transport-runtime:3.1.8] AndroidManifest.xml:18:5-20:41
MERGED from [com.google.android.datatransport:transport-api:3.0.0] AndroidManifest.xml:18:5-20:41
MERGED from [com.google.android.datatransport:transport-api:3.0.0] AndroidManifest.xml:18:5-20:41
MERGED from [androidx.startup:startup-runtime:1.1.1] AndroidManifest.xml:21:5-23:41
MERGED from [androidx.startup:startup-runtime:1.1.1] AndroidManifest.xml:21:5-23:41
MERGED from [androidx.tracing:tracing:1.0.0] AndroidManifest.xml:20:5-22:41
MERGED from [androidx.tracing:tracing:1.0.0] AndroidManifest.xml:20:5-22:41
MERGED from [com.google.firebase:firebase-encoders-json:18.0.0] AndroidManifest.xml:19:5-21:41
MERGED from [com.google.firebase:firebase-encoders-json:18.0.0] AndroidManifest.xml:19:5-21:41
MERGED from [androidx.arch.core:core-runtime:2.2.0] AndroidManifest.xml:20:5-44
MERGED from [androidx.arch.core:core-runtime:2.2.0] AndroidManifest.xml:20:5-44
	android:targetSdkVersion
		INJECTED from src\main\AndroidManifest.xml
	android:minSdkVersion
		INJECTED from src\main\AndroidManifest.xml
activity#androidx.activity.ComponentActivity
ADDED from [androidx.compose.ui:ui-test-manifest:1.6.6] AndroidManifest.xml:23:9-25:39
	android:exported
		ADDED from [androidx.compose.ui:ui-test-manifest:1.6.6] AndroidManifest.xml:25:13-36
	android:name
		ADDED from [androidx.compose.ui:ui-test-manifest:1.6.6] AndroidManifest.xml:24:13-63
activity#androidx.compose.ui.tooling.PreviewActivity
ADDED from [androidx.compose.ui:ui-tooling-android:1.6.6] AndroidManifest.xml:23:9-25:39
	android:exported
		ADDED from [androidx.compose.ui:ui-tooling-android:1.6.6] AndroidManifest.xml:25:13-36
	android:name
		ADDED from [androidx.compose.ui:ui-tooling-android:1.6.6] AndroidManifest.xml:24:13-71
queries
ADDED from [com.android.billingclient:billing:7.0.0] AndroidManifest.xml:12:5-16:15
intent#action:name:com.android.vending.billing.InAppBillingService.BIND
ADDED from [com.android.billingclient:billing:7.0.0] AndroidManifest.xml:13:9-15:18
action#com.android.vending.billing.InAppBillingService.BIND
ADDED from [com.android.billingclient:billing:7.0.0] AndroidManifest.xml:14:13-91
	android:name
		ADDED from [com.android.billingclient:billing:7.0.0] AndroidManifest.xml:14:21-88
meta-data#com.google.android.play.billingclient.version
ADDED from [com.android.billingclient:billing:7.0.0] AndroidManifest.xml:19:9-21:37
	android:value
		ADDED from [com.android.billingclient:billing:7.0.0] AndroidManifest.xml:21:13-34
	android:name
		ADDED from [com.android.billingclient:billing:7.0.0] AndroidManifest.xml:20:13-73
activity#com.android.billingclient.api.ProxyBillingActivity
ADDED from [com.android.billingclient:billing:7.0.0] AndroidManifest.xml:23:9-27:75
	android:exported
		ADDED from [com.android.billingclient:billing:7.0.0] AndroidManifest.xml:26:13-37
	android:configChanges
		ADDED from [com.android.billingclient:billing:7.0.0] AndroidManifest.xml:25:13-96
	android:theme
		ADDED from [com.android.billingclient:billing:7.0.0] AndroidManifest.xml:27:13-72
	android:name
		ADDED from [com.android.billingclient:billing:7.0.0] AndroidManifest.xml:24:13-78
activity#com.android.billingclient.api.ProxyBillingActivityV2
ADDED from [com.android.billingclient:billing:7.0.0] AndroidManifest.xml:28:9-32:75
	android:exported
		ADDED from [com.android.billingclient:billing:7.0.0] AndroidManifest.xml:31:13-37
	android:configChanges
		ADDED from [com.android.billingclient:billing:7.0.0] AndroidManifest.xml:30:13-96
	android:theme
		ADDED from [com.android.billingclient:billing:7.0.0] AndroidManifest.xml:32:13-72
	android:name
		ADDED from [com.android.billingclient:billing:7.0.0] AndroidManifest.xml:29:13-80
activity#com.google.android.gms.common.api.GoogleApiActivity
ADDED from [com.google.android.gms:play-services-base:18.3.0] AndroidManifest.xml:20:9-22:45
	android:exported
		ADDED from [com.google.android.gms:play-services-base:18.3.0] AndroidManifest.xml:22:19-43
	android:theme
		ADDED from [com.google.android.gms:play-services-base:18.3.0] AndroidManifest.xml:21:19-78
	android:name
		ADDED from [com.google.android.gms:play-services-base:18.3.0] AndroidManifest.xml:20:19-85
meta-data#com.google.android.gms.version
ADDED from [com.google.android.gms:play-services-basement:18.3.0] AndroidManifest.xml:21:9-23:69
	android:value
		ADDED from [com.google.android.gms:play-services-basement:18.3.0] AndroidManifest.xml:23:13-66
	android:name
		ADDED from [com.google.android.gms:play-services-basement:18.3.0] AndroidManifest.xml:22:13-58
provider#androidx.startup.InitializationProvider
ADDED from [androidx.emoji2:emoji2:1.3.0] AndroidManifest.xml:24:9-32:20
MERGED from [androidx.lifecycle:lifecycle-process:2.8.6] AndroidManifest.xml:24:9-32:20
MERGED from [androidx.lifecycle:lifecycle-process:2.8.6] AndroidManifest.xml:24:9-32:20
MERGED from [androidx.profileinstaller:profileinstaller:1.3.1] AndroidManifest.xml:24:9-32:20
MERGED from [androidx.profileinstaller:profileinstaller:1.3.1] AndroidManifest.xml:24:9-32:20
MERGED from [androidx.startup:startup-runtime:1.1.1] AndroidManifest.xml:26:9-30:34
MERGED from [androidx.startup:startup-runtime:1.1.1] AndroidManifest.xml:26:9-30:34
	tools:node
		ADDED from [androidx.emoji2:emoji2:1.3.0] AndroidManifest.xml:28:13-31
	android:authorities
		ADDED from [androidx.emoji2:emoji2:1.3.0] AndroidManifest.xml:26:13-68
	android:exported
		ADDED from [androidx.emoji2:emoji2:1.3.0] AndroidManifest.xml:27:13-37
	android:name
		ADDED from [androidx.emoji2:emoji2:1.3.0] AndroidManifest.xml:25:13-67
meta-data#androidx.emoji2.text.EmojiCompatInitializer
ADDED from [androidx.emoji2:emoji2:1.3.0] AndroidManifest.xml:29:13-31:52
	android:value
		ADDED from [androidx.emoji2:emoji2:1.3.0] AndroidManifest.xml:31:17-49
	android:name
		ADDED from [androidx.emoji2:emoji2:1.3.0] AndroidManifest.xml:30:17-75
permission#${applicationId}.DYNAMIC_RECEIVER_NOT_EXPORTED_PERMISSION
ADDED from [androidx.core:core:1.13.1] AndroidManifest.xml:22:5-24:47
	android:protectionLevel
		ADDED from [androidx.core:core:1.13.1] AndroidManifest.xml:24:9-44
	android:name
		ADDED from [androidx.core:core:1.13.1] AndroidManifest.xml:23:9-81
permission#com.example.airesumegeneratorpb.DYNAMIC_RECEIVER_NOT_EXPORTED_PERMISSION
ADDED from [androidx.core:core:1.13.1] AndroidManifest.xml:22:5-24:47
	android:protectionLevel
		ADDED from [androidx.core:core:1.13.1] AndroidManifest.xml:24:9-44
	android:name